-------------------------------------------------------------------------------
Test set: TestDeck
-------------------------------------------------------------------------------
Tests run: 1, Failures: 0, Errors: 1, Skipped: 0, Time elapsed: 0.014 s <<< FAILURE! - in TestDeck
add{TestCard}  Time elapsed: 0.009 s  <<< ERROR!
org.junit.jupiter.api.extension.ParameterResolutionException: No ParameterResolver registered for parameter [TestCard arg0] in method [public void TestDeck.add(TestCard)].

